{"/Users/yuvraaj/Documents/api-fellowship-task3/backend/index.js": {"path":"/Users/yuvraaj/Documents/api-fellowship-task3/backend/index.js","statementMap":{"0":{"start":{"line":1,"column":16},"end":{"line":1,"column":34}},"1":{"start":{"line":2,"column":13},"end":{"line":2,"column":28}},"2":{"start":{"line":3,"column":16},"end":{"line":3,"column":44}},"3":{"start":{"line":5,"column":12},"end":{"line":5,"column":21}},"4":{"start":{"line":6,"column":13},"end":{"line":6,"column":17}},"5":{"start":{"line":8,"column":0},"end":{"line":8,"column":16}},"6":{"start":{"line":9,"column":0},"end":{"line":9,"column":24}},"7":{"start":{"line":11,"column":0},"end":{"line":13,"column":3}},"8":{"start":{"line":12,"column":2},"end":{"line":12,"column":34}},"9":{"start":{"line":16,"column":11},"end":{"line":19,"column":2}},"10":{"start":{"line":17,"column":2},"end":{"line":17,"column":45}},"11":{"start":{"line":17,"column":11},"end":{"line":17,"column":45}},"12":{"start":{"line":18,"column":2},"end":{"line":18,"column":47}},"13":{"start":{"line":22,"column":0},"end":{"line":26,"column":4}},"14":{"start":{"line":29,"column":0},"end":{"line":34,"column":3}},"15":{"start":{"line":30,"column":2},"end":{"line":33,"column":5}},"16":{"start":{"line":31,"column":4},"end":{"line":31,"column":65}},"17":{"start":{"line":31,"column":13},"end":{"line":31,"column":65}},"18":{"start":{"line":32,"column":4},"end":{"line":32,"column":19}},"19":{"start":{"line":37,"column":0},"end":{"line":43,"column":3}},"20":{"start":{"line":38,"column":2},"end":{"line":42,"column":5}},"21":{"start":{"line":39,"column":4},"end":{"line":39,"column":65}},"22":{"start":{"line":39,"column":13},"end":{"line":39,"column":65}},"23":{"start":{"line":40,"column":4},"end":{"line":40,"column":71}},"24":{"start":{"line":40,"column":14},"end":{"line":40,"column":71}},"25":{"start":{"line":41,"column":4},"end":{"line":41,"column":18}},"26":{"start":{"line":46,"column":0},"end":{"line":56,"column":3}},"27":{"start":{"line":47,"column":32},"end":{"line":47,"column":40}},"28":{"start":{"line":48,"column":2},"end":{"line":55,"column":4}},"29":{"start":{"line":52,"column":6},"end":{"line":52,"column":67}},"30":{"start":{"line":52,"column":15},"end":{"line":52,"column":67}},"31":{"start":{"line":53,"column":6},"end":{"line":53,"column":67}},"32":{"start":{"line":59,"column":0},"end":{"line":71,"column":3}},"33":{"start":{"line":60,"column":32},"end":{"line":60,"column":40}},"34":{"start":{"line":61,"column":2},"end":{"line":70,"column":4}},"35":{"start":{"line":65,"column":6},"end":{"line":65,"column":67}},"36":{"start":{"line":65,"column":15},"end":{"line":65,"column":67}},"37":{"start":{"line":66,"column":6},"end":{"line":67,"column":65}},"38":{"start":{"line":67,"column":8},"end":{"line":67,"column":65}},"39":{"start":{"line":68,"column":6},"end":{"line":68,"column":57}},"40":{"start":{"line":74,"column":0},"end":{"line":81,"column":3}},"41":{"start":{"line":75,"column":2},"end":{"line":80,"column":5}},"42":{"start":{"line":76,"column":4},"end":{"line":76,"column":65}},"43":{"start":{"line":76,"column":13},"end":{"line":76,"column":65}},"44":{"start":{"line":77,"column":4},"end":{"line":78,"column":63}},"45":{"start":{"line":78,"column":6},"end":{"line":78,"column":63}},"46":{"start":{"line":79,"column":4},"end":{"line":79,"column":42}},"47":{"start":{"line":83,"column":0},"end":{"line":85,"column":3}},"48":{"start":{"line":84,"column":2},"end":{"line":84,"column":60}},"49":{"start":{"line":87,"column":0},"end":{"line":87,"column":12}},"50":{"start":{"line":88,"column":0},"end":{"line":92,"column":1}},"51":{"start":{"line":89,"column":2},"end":{"line":91,"column":5}},"52":{"start":{"line":90,"column":4},"end":{"line":90,"column":62}},"53":{"start":{"line":93,"column":0},"end":{"line":93,"column":21}}},"fnMap":{"0":{"name":"(anonymous_0)","decl":{"start":{"line":11,"column":13},"end":{"line":11,"column":14}},"loc":{"start":{"line":11,"column":27},"end":{"line":13,"column":1}},"line":11},"1":{"name":"(anonymous_1)","decl":{"start":{"line":16,"column":45},"end":{"line":16,"column":46}},"loc":{"start":{"line":16,"column":54},"end":{"line":19,"column":1}},"line":16},"2":{"name":"(anonymous_2)","decl":{"start":{"line":29,"column":22},"end":{"line":29,"column":23}},"loc":{"start":{"line":29,"column":36},"end":{"line":34,"column":1}},"line":29},"3":{"name":"(anonymous_3)","decl":{"start":{"line":30,"column":36},"end":{"line":30,"column":37}},"loc":{"start":{"line":30,"column":51},"end":{"line":33,"column":3}},"line":30},"4":{"name":"(anonymous_4)","decl":{"start":{"line":37,"column":26},"end":{"line":37,"column":27}},"loc":{"start":{"line":37,"column":40},"end":{"line":43,"column":1}},"line":37},"5":{"name":"(anonymous_5)","decl":{"start":{"line":38,"column":62},"end":{"line":38,"column":63}},"loc":{"start":{"line":38,"column":76},"end":{"line":42,"column":3}},"line":38},"6":{"name":"(anonymous_6)","decl":{"start":{"line":46,"column":23},"end":{"line":46,"column":24}},"loc":{"start":{"line":46,"column":37},"end":{"line":56,"column":1}},"line":46},"7":{"name":"(anonymous_7)","decl":{"start":{"line":51,"column":4},"end":{"line":51,"column":5}},"loc":{"start":{"line":51,"column":19},"end":{"line":54,"column":5}},"line":51},"8":{"name":"(anonymous_8)","decl":{"start":{"line":59,"column":26},"end":{"line":59,"column":27}},"loc":{"start":{"line":59,"column":40},"end":{"line":71,"column":1}},"line":59},"9":{"name":"(anonymous_9)","decl":{"start":{"line":64,"column":4},"end":{"line":64,"column":5}},"loc":{"start":{"line":64,"column":19},"end":{"line":69,"column":5}},"line":64},"10":{"name":"(anonymous_10)","decl":{"start":{"line":74,"column":29},"end":{"line":74,"column":30}},"loc":{"start":{"line":74,"column":43},"end":{"line":81,"column":1}},"line":74},"11":{"name":"(anonymous_11)","decl":{"start":{"line":75,"column":60},"end":{"line":75,"column":61}},"loc":{"start":{"line":75,"column":75},"end":{"line":80,"column":3}},"line":75},"12":{"name":"(anonymous_12)","decl":{"start":{"line":83,"column":17},"end":{"line":83,"column":18}},"loc":{"start":{"line":83,"column":23},"end":{"line":85,"column":1}},"line":83},"13":{"name":"(anonymous_13)","decl":{"start":{"line":89,"column":19},"end":{"line":89,"column":20}},"loc":{"start":{"line":89,"column":25},"end":{"line":91,"column":3}},"line":89}},"branchMap":{"0":{"loc":{"start":{"line":17,"column":2},"end":{"line":17,"column":45}},"type":"if","locations":[{"start":{"line":17,"column":2},"end":{"line":17,"column":45}},{"start":{},"end":{}}],"line":17},"1":{"loc":{"start":{"line":31,"column":4},"end":{"line":31,"column":65}},"type":"if","locations":[{"start":{"line":31,"column":4},"end":{"line":31,"column":65}},{"start":{},"end":{}}],"line":31},"2":{"loc":{"start":{"line":39,"column":4},"end":{"line":39,"column":65}},"type":"if","locations":[{"start":{"line":39,"column":4},"end":{"line":39,"column":65}},{"start":{},"end":{}}],"line":39},"3":{"loc":{"start":{"line":40,"column":4},"end":{"line":40,"column":71}},"type":"if","locations":[{"start":{"line":40,"column":4},"end":{"line":40,"column":71}},{"start":{},"end":{}}],"line":40},"4":{"loc":{"start":{"line":52,"column":6},"end":{"line":52,"column":67}},"type":"if","locations":[{"start":{"line":52,"column":6},"end":{"line":52,"column":67}},{"start":{},"end":{}}],"line":52},"5":{"loc":{"start":{"line":65,"column":6},"end":{"line":65,"column":67}},"type":"if","locations":[{"start":{"line":65,"column":6},"end":{"line":65,"column":67}},{"start":{},"end":{}}],"line":65},"6":{"loc":{"start":{"line":66,"column":6},"end":{"line":67,"column":65}},"type":"if","locations":[{"start":{"line":66,"column":6},"end":{"line":67,"column":65}},{"start":{},"end":{}}],"line":66},"7":{"loc":{"start":{"line":76,"column":4},"end":{"line":76,"column":65}},"type":"if","locations":[{"start":{"line":76,"column":4},"end":{"line":76,"column":65}},{"start":{},"end":{}}],"line":76},"8":{"loc":{"start":{"line":77,"column":4},"end":{"line":78,"column":63}},"type":"if","locations":[{"start":{"line":77,"column":4},"end":{"line":78,"column":63}},{"start":{},"end":{}}],"line":77},"9":{"loc":{"start":{"line":88,"column":0},"end":{"line":92,"column":1}},"type":"if","locations":[{"start":{"line":88,"column":0},"end":{"line":92,"column":1}},{"start":{},"end":{}}],"line":88}},"s":{"0":1,"1":1,"2":1,"3":1,"4":1,"5":1,"6":1,"7":1,"8":0,"9":1,"10":1,"11":0,"12":1,"13":1,"14":1,"15":1,"16":1,"17":0,"18":1,"19":1,"20":2,"21":2,"22":0,"23":2,"24":1,"25":1,"26":1,"27":1,"28":1,"29":1,"30":0,"31":1,"32":1,"33":2,"34":2,"35":2,"36":0,"37":2,"38":1,"39":1,"40":1,"41":2,"42":2,"43":0,"44":2,"45":1,"46":1,"47":1,"48":1,"49":1,"50":1,"51":0,"52":0,"53":1},"f":{"0":0,"1":1,"2":1,"3":1,"4":2,"5":2,"6":1,"7":1,"8":2,"9":2,"10":2,"11":2,"12":1,"13":0},"b":{"0":[0,1],"1":[0,1],"2":[0,2],"3":[1,1],"4":[0,1],"5":[0,2],"6":[1,1],"7":[0,2],"8":[1,1],"9":[0,1]},"_coverageSchema":"1a1c01bbd47fc00a2c39e90264f33305004495a9","hash":"97ca993c7b4fd5359c1efb8b5ce5bea5ccf3f5d0"}
}
