TN:
SF:index.js
FN:11,(anonymous_0)
FN:16,(anonymous_1)
FN:29,(anonymous_2)
FN:30,(anonymous_3)
FN:37,(anonymous_4)
FN:38,(anonymous_5)
FN:46,(anonymous_6)
FN:51,(anonymous_7)
FN:59,(anonymous_8)
FN:64,(anonymous_9)
FN:74,(anonymous_10)
FN:75,(anonymous_11)
FN:83,(anonymous_12)
FN:89,(anonymous_13)
FNF:14
FNH:12
FNDA:0,(anonymous_0)
FNDA:1,(anonymous_1)
FNDA:1,(anonymous_2)
FNDA:1,(anonymous_3)
FNDA:2,(anonymous_4)
FNDA:2,(anonymous_5)
FNDA:1,(anonymous_6)
FNDA:1,(anonymous_7)
FNDA:2,(anonymous_8)
FNDA:2,(anonymous_9)
FNDA:2,(anonymous_10)
FNDA:2,(anonymous_11)
FNDA:1,(anonymous_12)
FNDA:0,(anonymous_13)
DA:1,1
DA:2,1
DA:3,1
DA:5,1
DA:6,1
DA:8,1
DA:9,1
DA:11,1
DA:12,0
DA:16,1
DA:17,1
DA:18,1
DA:22,1
DA:29,1
DA:30,1
DA:31,1
DA:32,1
DA:37,1
DA:38,2
DA:39,2
DA:40,2
DA:41,1
DA:46,1
DA:47,1
DA:48,1
DA:52,1
DA:53,1
DA:59,1
DA:60,2
DA:61,2
DA:65,2
DA:66,2
DA:67,1
DA:68,1
DA:74,1
DA:75,2
DA:76,2
DA:77,2
DA:78,1
DA:79,1
DA:83,1
DA:84,1
DA:87,1
DA:88,1
DA:89,0
DA:90,0
DA:93,1
LF:47
LH:44
BRDA:17,0,0,0
BRDA:17,0,1,1
BRDA:31,1,0,0
BRDA:31,1,1,1
BRDA:39,2,0,0
BRDA:39,2,1,2
BRDA:40,3,0,1
BRDA:40,3,1,1
BRDA:52,4,0,0
BRDA:52,4,1,1
BRDA:65,5,0,0
BRDA:65,5,1,2
BRDA:66,6,0,1
BRDA:66,6,1,1
BRDA:76,7,0,0
BRDA:76,7,1,2
BRDA:77,8,0,1
BRDA:77,8,1,1
BRDA:88,9,0,0
BRDA:88,9,1,1
BRF:20
BRH:13
end_of_record
